MPASM 5.62  /USERS/ROGER/MPLABXPROJECTS/P2F1   7-20-2015  21:04:40         PAGE  1


LOC  OBJECT CODE     LINE SOURCE TEXT
  VALUE

                      00001 ; ----------------------------------------------------------------------------
                      00002 ; Name: main.asm
                      00003 ; Author: Roger Fernandez Guri
                      00004 ; Version: 0.0
                      00005 ; ----------------------------------------------------------------------------
                      00006 
                      00007 ;*******************************************************************************
                      00008 ;* Required Files:              P18F4321.INC                                   *
                      00009 ;*                              18F4321.LKR                                    *
                      00010 ;*******************************************************************************
                      00011 
                      00012     LIST P=18F4321, F=INHX32
                      00013     #include <P18F4321.INC>
                      00001         LIST
                      00002 
                      00003 ;==========================================================================
                      00004 ; Build date : Apr 06 2015
                      00005 ;  MPASM PIC18F4321 processor include
                      00006 ; 
                      00007 ;  (c) Copyright 1999-2015 Microchip Technology, All rights reserved
                      00008 ;==========================================================================
                      00009 
                      01455         LIST
                      00014 
                      00015 ;******************
                      00016 ;* CONFIGURATIONS *
                      00017 ;******************
                      00018 
                      00019     CONFIG OSC = INTIO1
                      00020     CONFIG PBADEN = DIG
                      00021     CONFIG WDT = OFF
                      00022 
                      00023 ;*************
                      00024 ;* VARIABLES *
                      00025 ;*************
                      00026 
  00000000            00027 TEMP EQU 0x00
                      00028  
                      00029 ;*************
                      00030 ;* CONSTANTS *
                      00031 ;*************
                      00032 
                      00033 ;*****************************
                      00034 ; ITERRUPT AND RESET VECTORS *
                      00035 ;*****************************
                      00036 
                      00037     ORG 0x000000
000000 EF?? F???      00038         GOTO MAIN
                      00039 
                      00040     ORG 0x000008
000008 EF?? F???      00041         GOTO HIGH_INT
                      00042 
                      00043     ORG 0x000018
MPASM 5.62  /USERS/ROGER/MPLABXPROJECTS/P2F1   7-20-2015  21:04:40         PAGE  2


LOC  OBJECT CODE     LINE SOURCE TEXT
  VALUE

000018 EF?? F???      00044         GOTO LOW_INT
                      00045 
                      00046 ;*******
                      00047 ;* RSI *
                      00048 ;*******
                      00049 
00001C                00050 HIGH_INT
00001C 0010           00051     retfie
                      00052 
00001E                00053 LOW_INT
00001E 0010           00054     retfie      
                      00055 
                      00056 ;*********
                      00057 ;* INITS *
                      00058 ;*********
                      00059 
000020                00060 INIT_CPU
000020 0E74           00061     MOVLW 0x74
000022 6ED3           00062     MOVWF OSCCON ; 8MHz Internal Oscilator
000024 8C9B           00063     BSF OSCTUNE, PLLEN, 0
                      00064     
000026 0012           00065     RETURN
                      00066     
000028                00067 INIT_PORTS
000028 6A93           00068     CLRF TRISB
00002A 6A81           00069     CLRF PORTB
00002C 0012           00070     RETURN
                      00071 
00002E                00072 INIT_INTERRUPTS
00002E 8ED0           00073     BSF RCON, IPEN, 0
000030 92F2           00074     BCF INTCON, GIE/GIEH, 0
000032 92F2           00075     BCF INTCON, PEIE/GIEL, 0
000034 0012           00076     RETURN
                      00077 
000036                00078 INIT_TXRX
000036 0E00           00079     MOVLW 0x00
000038 6EB0           00080     MOVWF SPBRGH
00003A 0E19           00081     MOVLW 0x19
00003C 6EAF           00082     MOVWF SPBRG
00003E 94AC           00083     BCF TXSTA, BRGH, 0
000040 96B8           00084     BCF BAUDCON, BRG16, 0 ; Baud rate generator at 19200
000042 98AC           00085     BCF TXSTA, SYNC, 0 ; Asynchronous mode
000044 8EAB           00086     BSF RCSTA, SPEN, 0 ; Enable serial
000046 8AAC           00087     BSF TXSTA, TXEN, 0 ; Enable transmision
000048 88AB           00088     BSF RCSTA, CREN, 0 ; Enable reception
00004A 0012           00089     RETURN
                      00090 
                      00091 ;*************
                      00092 ;* FUNCTIONS *
                      00093 ;*************
                      00094 
00004C                00095 SEND
00004C 8AAC           00096     BSF TXSTA, TXEN, 0
MPASM 5.62  /USERS/ROGER/MPLABXPROJECTS/P2F1   7-20-2015  21:04:40         PAGE  3


LOC  OBJECT CODE     LINE SOURCE TEXT
  VALUE

00004E 6EAD           00097     MOVWF TXREG, 0
000050                00098 WAITTX
000050 A2AC           00099     BTFSS TXSTA, TRMT
000052 EF?? F???      00100     GOTO WAITTX
000056 0012           00101     RETURN
000058                00102 SERIAL
000058 CFAE F000      00103     MOVFF RCREG, TEMP
00005C 5000           00104     MOVF TEMP, 0
00005E EC?? F???      00105     CALL SEND
000062 0012           00106     RETURN
                      00107 
                      00108 ;********
                      00109 ;* MAIN *
                      00110 ;********
                      00111 
000064                00112 MAIN
000064 EC?? F???      00113     CALL INIT_CPU
000068 EC?? F???      00114     CALL INIT_PORTS
00006C EC?? F???      00115     CALL INIT_INTERRUPTS
000070 EC?? F???      00116     CALL INIT_TXRX
                      00117 
000074                00118 LOOP
000074 BA9E           00119     BTFSC PIR1, RCIF
000076 EC?? F???      00120     CALL SERIAL
                      00121     
00007A EF?? F???      00122     GOTO LOOP
                      00123 
                      00124 ;*******
                      00125 ;* END *
                      00126 ;*******
                      00127 
                      00128     END
MPASM 5.62  /USERS/ROGER/MPLABXPROJECTS/P2F1   7-20-2015  21:04:40         PAGE  4


SYMBOL TABLE
  LABEL                             VALUE 

A                                 00000000
ABDEN                             00000000
ABDOVF                            00000007
ACCESS                            00000000
ACKDT                             00000005
ACKEN                             00000004
ACKSTAT                           00000006
ACQT0                             00000003
ACQT1                             00000004
ACQT2                             00000005
ADCON0                            00000FC2
ADCON1                            00000FC1
ADCON2                            00000FC0
ADCS0                             00000000
ADCS1                             00000001
ADCS2                             00000002
ADDEN                             00000003
ADEN                              00000003
ADFM                              00000007
ADIE                              00000006
ADIF                              00000006
ADIP                              00000006
ADMSK1                            00000001
ADMSK2                            00000002
ADMSK3                            00000003
ADMSK4                            00000004
ADMSK5                            00000005
ADON                              00000000
ADRES                             00000FC3
ADRESH                            00000FC4
ADRESL                            00000FC3
AN0                               00000000
AN1                               00000001
AN10                              00000001
AN11                              00000004
AN12                              00000000
AN2                               00000002
AN3                               00000003
AN4                               00000005
AN5                               00000000
AN6                               00000001
AN7                               00000002
AN8                               00000002
AN9                               00000003
BANKED                            00000001
BAUDCON                           00000FB8
BAUDCTL                           00000FB8
BCLIE                             00000003
BCLIF                             00000003
BCLIP                             00000003
BF                                00000000
BGST                              00000005
BOR                               00000000
MPASM 5.62  /USERS/ROGER/MPLABXPROJECTS/P2F1   7-20-2015  21:04:40         PAGE  5


SYMBOL TABLE
  LABEL                             VALUE 

BRG16                             00000003
BRGH                              00000002
BSR                               00000FE0
C                                 00000000
C1INV                             00000004
C1N                               00000000
C1OUT_CMCON                       00000006
C1OUT_PORTA                       00000004
C1P                               00000003
C2INV                             00000005
C2N                               00000001
C2OUT_CMCON                       00000007
C2OUT_PORTA                       00000005
C2P                               00000002
CCP1                              00000002
CCP1CON                           00000FBD
CCP1IE                            00000002
CCP1IF                            00000002
CCP1IP                            00000002
CCP1M0                            00000000
CCP1M1                            00000001
CCP1M2                            00000002
CCP1M3                            00000003
CCP1X                             00000005
CCP1Y                             00000004
CCP2CON                           00000FBA
CCP2IE                            00000000
CCP2IF                            00000000
CCP2IP                            00000000
CCP2M0                            00000000
CCP2M1                            00000001
CCP2M2                            00000002
CCP2M3                            00000003
CCP2X                             00000005
CCP2Y                             00000004
CCP2_PORTB                        00000003
CCP2_PORTC                        00000001
CCPR1                             00000FBE
CCPR1H                            00000FBF
CCPR1L                            00000FBE
CCPR2                             00000FBB
CCPR2H                            00000FBC
CCPR2L                            00000FBB
CFGS                              00000006
CHS0                              00000002
CHS1                              00000003
CHS2                              00000004
CHS3                              00000005
CIS                               00000003
CK                                00000006
CKE                               00000006
CKP                               00000004
CLKI                              00000007
MPASM 5.62  /USERS/ROGER/MPLABXPROJECTS/P2F1   7-20-2015  21:04:40         PAGE  6


SYMBOL TABLE
  LABEL                             VALUE 

CLKO                              00000006
CM0                               00000000
CM1                               00000001
CM2                               00000002
CMCON                             00000FB4
CMIE                              00000006
CMIF                              00000006
CMIP                              00000006
CREN                              00000004
CS                                00000002
CSRC                              00000007
CVR0                              00000000
CVR1                              00000001
CVR2                              00000002
CVR3                              00000003
CVRCON                            00000FB5
CVREF                             00000002
CVREN                             00000007
CVROE                             00000006
CVRR                              00000005
CVRSS                             00000004
D                                 00000005
DC                                00000001
DC1B0                             00000004
DC1B1                             00000005
DC2B0                             00000004
DC2B1                             00000005
DDRA                              TRISA
DDRB                              TRISB
DDRC                              TRISC
DDRD                              TRISD
DDRE                              TRISE
DONE                              00000001
D_A                               00000005
D_NOT_A                           00000005
ECCP1AS                           00000FB6
ECCP1CON                          00000FBD
ECCP1DEL                          00000FB7
ECCPAS0                           00000004
ECCPAS1                           00000005
ECCPAS2                           00000006
ECCPASE                           00000007
EEADR                             00000FA9
EECON1                            00000FA6
EECON2                            00000FA7
EEDATA                            00000FA8
EEIE                              00000004
EEIF                              00000004
EEIP                              00000004
EEPGD                             00000007
FAST                              00000001
FERR                              00000002
FLT0                              00000000
MPASM 5.62  /USERS/ROGER/MPLABXPROJECTS/P2F1   7-20-2015  21:04:40         PAGE  7


SYMBOL TABLE
  LABEL                             VALUE 

FLTS                              00000002
FREE                              00000004
FSR0                              00000000
FSR0H                             00000FEA
FSR0L                             00000FE9
FSR1                              00000001
FSR1H                             00000FE2
FSR1L                             00000FE1
FSR2                              00000002
FSR2H                             00000FDA
FSR2L                             00000FD9
GCEN                              00000007
GIE                               00000007
GIEH                              00000007
GIEL                              00000006
GIE_GIEH                          00000007
GO                                00000001
GO_DONE                           00000001
GO_NOT_DONE                       00000001
HIGH_INT                          0000001C
HLVDCON                           00000FD2
HLVDEN                            00000004
HLVDIE                            00000002
HLVDIF                            00000002
HLVDIN                            00000005
HLVDIP                            00000002
HLVDL0                            00000000
HLVDL1                            00000001
HLVDL2                            00000002
HLVDL3                            00000003
IBF                               00000007
IBOV                              00000005
IDLEN                             00000007
INDF0                             00000FEF
INDF1                             00000FE7
INDF2                             00000FDF
INIT_CPU                          00000020
INIT_INTERRUPTS                   0000002E
INIT_PORTS                        00000028
INIT_TXRX                         00000036
INT0                              00000000
INT0E                             00000004
INT0F                             00000001
INT0IE                            00000004
INT0IF                            00000001
INT1                              00000001
INT1E                             00000003
INT1F                             00000000
INT1IE                            00000003
INT1IF                            00000000
INT1IP                            00000006
INT1P                             00000006
INT2                              00000002
MPASM 5.62  /USERS/ROGER/MPLABXPROJECTS/P2F1   7-20-2015  21:04:40         PAGE  8


SYMBOL TABLE
  LABEL                             VALUE 

INT2E                             00000004
INT2F                             00000001
INT2IE                            00000004
INT2IF                            00000001
INT2IP                            00000007
INT2P                             00000007
INTCON                            00000FF2
INTCON2                           00000FF1
INTCON3                           00000FF0
INTEDG0                           00000006
INTEDG1                           00000005
INTEDG2                           00000004
INTSRC                            00000007
IOFS                              00000002
IPEN                              00000007
IPR1                              00000F9F
IPR2                              00000FA2
IRCF0                             00000004
IRCF1                             00000005
IRCF2                             00000006
IRVST                             00000005
KBI0                              00000004
KBI1                              00000005
KBI2                              00000006
KBI3                              00000007
LATA                              00000F89
LATA0                             00000000
LATA1                             00000001
LATA2                             00000002
LATA3                             00000003
LATA4                             00000004
LATA5                             00000005
LATA6                             00000006
LATA7                             00000007
LATB                              00000F8A
LATB0                             00000000
LATB1                             00000001
LATB2                             00000002
LATB3                             00000003
LATB4                             00000004
LATB5                             00000005
LATB6                             00000006
LATB7                             00000007
LATC                              00000F8B
LATC0                             00000000
LATC1                             00000001
LATC2                             00000002
LATC3                             00000003
LATC4                             00000004
LATC5                             00000005
LATC6                             00000006
LATC7                             00000007
LATD                              00000F8C
MPASM 5.62  /USERS/ROGER/MPLABXPROJECTS/P2F1   7-20-2015  21:04:40         PAGE  9


SYMBOL TABLE
  LABEL                             VALUE 

LATD0                             00000000
LATD1                             00000001
LATD2                             00000002
LATD3                             00000003
LATD4                             00000004
LATD5                             00000005
LATD6                             00000006
LATD7                             00000007
LATE                              00000F8D
LATE0                             00000000
LATE1                             00000001
LATE2                             00000002
LOOP                              00000074
LOW_INT                           0000001E
LVDCON                            00000FD2
LVDEN                             00000004
LVDIE                             00000002
LVDIF                             00000002
LVDIP                             00000002
LVDL0                             00000000
LVDL1                             00000001
LVDL2                             00000002
LVDL3                             00000003
LVV0                              00000000
LVV1                              00000001
LVV2                              00000002
LVV3                              00000003
MAIN                              00000064
MCLR                              00000003
N                                 00000004
NOT_A                             00000005
NOT_ADDRESS                       00000005
NOT_BOR                           00000000
NOT_CS                            00000002
NOT_DONE                          00000001
NOT_MCLR                          00000003
NOT_PD                            00000002
NOT_POR                           00000001
NOT_RBPU                          00000007
NOT_RD                            00000000
NOT_RI                            00000004
NOT_SS                            00000005
NOT_T1SYNC                        00000002
NOT_T3SYNC                        00000002
NOT_TO                            00000003
NOT_W                             00000002
NOT_WR                            00000001
NOT_WRITE                         00000002
OBF                               00000006
OERR                              00000001
OSC1                              00000007
OSC2                              00000006
OSCCON                            00000FD3
MPASM 5.62  /USERS/ROGER/MPLABXPROJECTS/P2F1   7-20-2015  21:04:40         PAGE 10


SYMBOL TABLE
  LABEL                             VALUE 

OSCFIE                            00000007
OSCFIF                            00000007
OSCFIP                            00000007
OSCTUNE                           00000F9B
OSTS                              00000003
OV                                00000003
P                                 00000004
P1A                               00000002
P1B                               00000005
P1C                               00000006
P1D                               00000007
P1M0                              00000006
P1M1                              00000007
PC                                00000FF9
PCFG0                             00000000
PCFG1                             00000001
PCFG2                             00000002
PCFG3                             00000003
PCL                               00000FF9
PCLATH                            00000FFA
PCLATU                            00000FFB
PD                                00000002
PDC0                              00000000
PDC1                              00000001
PDC2                              00000002
PDC3                              00000003
PDC4                              00000004
PDC5                              00000005
PDC6                              00000006
PEIE                              00000006
PEIE_GIEL                         00000006
PEN                               00000002
PGC                               00000006
PGD                               00000007
PGM                               00000005
PIE1                              00000F9D
PIE2                              00000FA0
PIR1                              00000F9E
PIR2                              00000FA1
PLLEN                             00000006
PLUSW0                            00000FEB
PLUSW1                            00000FE3
PLUSW2                            00000FDB
POR                               00000001
PORTA                             00000F80
PORTB                             00000F81
PORTC                             00000F82
PORTD                             00000F83
PORTE                             00000F84
POSTDEC0                          00000FED
POSTDEC1                          00000FE5
POSTDEC2                          00000FDD
POSTINC0                          00000FEE
MPASM 5.62  /USERS/ROGER/MPLABXPROJECTS/P2F1   7-20-2015  21:04:40         PAGE 11


SYMBOL TABLE
  LABEL                             VALUE 

POSTINC1                          00000FE6
POSTINC2                          00000FDE
PR2                               00000FCB
PREINC0                           00000FEC
PREINC1                           00000FE4
PREINC2                           00000FDC
PROD                              00000FF3
PRODH                             00000FF4
PRODL                             00000FF3
PRSEN                             00000007
PSA                               00000003
PSP0                              00000000
PSP1                              00000001
PSP2                              00000002
PSP3                              00000003
PSP4                              00000004
PSP5                              00000005
PSP6                              00000006
PSP7                              00000007
PSPIE                             00000007
PSPIF                             00000007
PSPIP                             00000007
PSPMODE                           00000004
PSSAC0                            00000002
PSSAC1                            00000003
PSSBD0                            00000000
PSSBD1                            00000001
PWM1CON                           00000FB7
R                                 00000002
RA0                               00000000
RA1                               00000001
RA2                               00000002
RA3                               00000003
RA4                               00000004
RA5                               00000005
RA6                               00000006
RA7                               00000007
RB0                               00000000
RB1                               00000001
RB2                               00000002
RB3                               00000003
RB4                               00000004
RB5                               00000005
RB6                               00000006
RB7                               00000007
RBIE                              00000003
RBIF                              00000000
RBIP                              00000000
RBPU                              00000007
RC0                               00000000
RC1                               00000001
RC2                               00000002
RC3                               00000003
MPASM 5.62  /USERS/ROGER/MPLABXPROJECTS/P2F1   7-20-2015  21:04:40         PAGE 12


SYMBOL TABLE
  LABEL                             VALUE 

RC4                               00000004
RC5                               00000005
RC6                               00000006
RC7                               00000007
RCEN                              00000003
RCIDL                             00000006
RCIE                              00000005
RCIF                              00000005
RCIP                              00000005
RCMT                              00000006
RCON                              00000FD0
RCREG                             00000FAE
RCSTA                             00000FAB
RD                                00000000
RD0                               00000000
RD1                               00000001
RD16                              00000007
RD2                               00000002
RD3                               00000003
RD4                               00000004
RD5                               00000005
RD6                               00000006
RD7                               00000007
RE0                               00000000
RE1                               00000001
RE2                               00000002
RE3                               00000003
RI                                00000004
RSEN                              00000001
RX                                00000007
RX9                               00000006
RX9D                              00000000
RXDTP                             00000005
R_NOT_W                           00000002
R_W                               00000002
S                                 00000003
SBOREN                            00000006
SCK                               00000003
SCKP                              00000004
SCL                               00000003
SCS0                              00000000
SCS1                              00000001
SDA                               00000004
SDI                               00000004
SDO                               00000005
SEN                               00000000
SEND                              0000004C
SENDB                             00000003
SERIAL                            00000058
SMP                               00000007
SP0                               00000000
SP1                               00000001
SP2                               00000002
MPASM 5.62  /USERS/ROGER/MPLABXPROJECTS/P2F1   7-20-2015  21:04:40         PAGE 13


SYMBOL TABLE
  LABEL                             VALUE 

SP3                               00000003
SP4                               00000004
SPBRG                             00000FAF
SPBRGH                            00000FB0
SPEN                              00000007
SREN                              00000005
SSPADD                            00000FC8
SSPBUF                            00000FC9
SSPCON1                           00000FC6
SSPCON2                           00000FC5
SSPEN                             00000005
SSPIE                             00000003
SSPIF                             00000003
SSPIP                             00000003
SSPM0                             00000000
SSPM1                             00000001
SSPM2                             00000002
SSPM3                             00000003
SSPOV                             00000006
SSPSTAT                           00000FC7
STATUS                            00000FD8
STKFUL                            00000007
STKOVF                            00000007
STKPTR                            00000FFC
STKUNF                            00000006
SWDTE                             00000000
SWDTEN                            00000000
SYNC                              00000004
T016BIT                           00000006
T08BIT                            00000006
T0CKI                             00000004
T0CON                             00000FD5
T0CS                              00000005
T0IE                              00000005
T0IF                              00000002
T0PS0                             00000000
T0PS1                             00000001
T0PS2                             00000002
T0SE                              00000004
T13CKI                            00000000
T1CKI                             00000000
T1CKPS0                           00000004
T1CKPS1                           00000005
T1CON                             00000FCD
T1OSCEN                           00000003
T1OSI                             00000001
T1OSO                             00000000
T1RUN                             00000006
T1SYNC                            00000002
T2CKPS0                           00000000
T2CKPS1                           00000001
T2CON                             00000FCA
T2OUTPS0                          00000003
MPASM 5.62  /USERS/ROGER/MPLABXPROJECTS/P2F1   7-20-2015  21:04:40         PAGE 14


SYMBOL TABLE
  LABEL                             VALUE 

T2OUTPS1                          00000004
T2OUTPS2                          00000005
T2OUTPS3                          00000006
T3CCP1                            00000003
T3CCP2                            00000006
T3CKPS0                           00000004
T3CKPS1                           00000005
T3CON                             00000FB1
T3SYNC                            00000002
TABLAT                            00000FF5
TBLPTR                            00000FF6
TBLPTRH                           00000FF7
TBLPTRL                           00000FF6
TBLPTRU                           00000FF8
TEMP                              00000000
TMR0                              00000FD6
TMR0H                             00000FD7
TMR0IE                            00000005
TMR0IF                            00000002
TMR0IP                            00000002
TMR0L                             00000FD6
TMR0ON                            00000007
TMR1                              00000FCE
TMR1CS                            00000001
TMR1H                             00000FCF
TMR1IE                            00000000
TMR1IF                            00000000
TMR1IP                            00000000
TMR1L                             00000FCE
TMR1ON                            00000000
TMR2                              00000FCC
TMR2IE                            00000001
TMR2IF                            00000001
TMR2IP                            00000001
TMR2ON                            00000002
TMR3                              00000FB2
TMR3CS                            00000001
TMR3H                             00000FB3
TMR3IE                            00000001
TMR3IF                            00000001
TMR3IP                            00000001
TMR3L                             00000FB2
TMR3ON                            00000000
TO                                00000003
TOS                               00000FFD
TOSH                              00000FFE
TOSL                              00000FFD
TOSU                              00000FFF
TOUTPS0                           00000003
TOUTPS1                           00000004
TOUTPS2                           00000005
TOUTPS3                           00000006
TRISA                             00000F92
MPASM 5.62  /USERS/ROGER/MPLABXPROJECTS/P2F1   7-20-2015  21:04:40         PAGE 15


SYMBOL TABLE
  LABEL                             VALUE 

TRISA0                            00000000
TRISA1                            00000001
TRISA2                            00000002
TRISA3                            00000003
TRISA4                            00000004
TRISA5                            00000005
TRISA6                            00000006
TRISA7                            00000007
TRISB                             00000F93
TRISB0                            00000000
TRISB1                            00000001
TRISB2                            00000002
TRISB3                            00000003
TRISB4                            00000004
TRISB5                            00000005
TRISB6                            00000006
TRISB7                            00000007
TRISC                             00000F94
TRISC0                            00000000
TRISC1                            00000001
TRISC2                            00000002
TRISC3                            00000003
TRISC4                            00000004
TRISC5                            00000005
TRISC6                            00000006
TRISC7                            00000007
TRISD                             00000F95
TRISD0                            00000000
TRISD1                            00000001
TRISD2                            00000002
TRISD3                            00000003
TRISD4                            00000004
TRISD5                            00000005
TRISD6                            00000006
TRISD7                            00000007
TRISE                             00000F96
TRISE0                            00000000
TRISE1                            00000001
TRISE2                            00000002
TRMT                              00000001
TUN0                              00000000
TUN1                              00000001
TUN2                              00000002
TUN3                              00000003
TUN4                              00000004
TX                                00000006
TX9                               00000006
TX9D                              00000000
TXCKP                             00000004
TXEN                              00000005
TXIE                              00000004
TXIF                              00000004
TXIP                              00000004
MPASM 5.62  /USERS/ROGER/MPLABXPROJECTS/P2F1   7-20-2015  21:04:40         PAGE 16


SYMBOL TABLE
  LABEL                             VALUE 

TXREG                             00000FAD
TXSTA                             00000FAC
UA                                00000001
VCFG0                             00000004
VCFG1                             00000005
VDIRMAG                           00000007
VPP                               00000003
VREFM                             00000002
VREFP                             00000003
W                                 00000000
WAITTX                            00000050
WCOL                              00000007
WDTCON                            00000FD1
WR                                00000001
WREG                              00000FE8
WREN                              00000002
WRERR                             00000003
WUE                               00000001
Z                                 00000002
_BBSIZ_BB1K_4L                    000000FF
_BBSIZ_BB256_4L                   000000CF
_BBSIZ_BB512_4L                   000000DF
_BORV_0_2L                        000000E7
_BORV_1_2L                        000000EF
_BORV_2_2L                        000000F7
_BORV_3_2L                        000000FF
_BOR_NOSLP_2L                     000000FD
_BOR_OFF_2L                       000000F9
_BOR_ON_2L                        000000FF
_BOR_SOFT_2L                      000000FB
_CCP2MX_RB3_3H                    000000FE
_CCP2MX_RC1_3H                    000000FF
_CONFIG1H                         00300001
_CONFIG2H                         00300003
_CONFIG2L                         00300002
_CONFIG3H                         00300005
_CONFIG4L                         00300006
_CONFIG5H                         00300009
_CONFIG5L                         00300008
_CONFIG6H                         0030000B
_CONFIG6L                         0030000A
_CONFIG7H                         0030000D
_CONFIG7L                         0030000C
_CP0_OFF_5L                       000000FF
_CP0_ON_5L                        000000FE
_CP1_OFF_5L                       000000FF
_CP1_ON_5L                        000000FD
_CPB_OFF_5H                       000000FF
_CPB_ON_5H                        000000BF
_CPD_OFF_5H                       000000FF
_CPD_ON_5H                        0000007F
_DEBUG_OFF_4L                     000000FF
_DEBUG_ON_4L                      0000007F
MPASM 5.62  /USERS/ROGER/MPLABXPROJECTS/P2F1   7-20-2015  21:04:40         PAGE 17


SYMBOL TABLE
  LABEL                             VALUE 

_DEVID1                           003FFFFE
_DEVID2                           003FFFFF
_EBTR0_OFF_7L                     000000FF
_EBTR0_ON_7L                      000000FE
_EBTR1_OFF_7L                     000000FF
_EBTR1_ON_7L                      000000FD
_EBTRB_OFF_7H                     000000FF
_EBTRB_ON_7H                      000000BF
_FCMEN_OFF_1H                     000000BF
_FCMEN_ON_1H                      000000FF
_IDLOC0                           00200000
_IDLOC1                           00200001
_IDLOC2                           00200002
_IDLOC3                           00200003
_IDLOC4                           00200004
_IDLOC5                           00200005
_IDLOC6                           00200006
_IDLOC7                           00200007
_IESO_OFF_1H                      0000007F
_IESO_ON_1H                       000000FF
_LPT1OSC_OFF_3H                   000000FB
_LPT1OSC_ON_3H                    000000FF
_LVP_OFF_4L                       000000FB
_LVP_ON_4L                        000000FF
_MCLRE_OFF_3H                     0000007F
_MCLRE_ON_3H                      000000FF
_OSC_ECIO_1H                      000000F5
_OSC_EC_1H                        000000F4
_OSC_HSPLL_1H                     000000F6
_OSC_HS_1H                        000000F2
_OSC_INTIO1_1H                    000000F9
_OSC_INTIO2_1H                    000000F8
_OSC_LP_1H                        000000F0
_OSC_RCIO_1H                      000000F7
_OSC_RC_1H                        000000F3
_OSC_XT_1H                        000000F1
_PBADEN_ANA_3H                    000000FF
_PBADEN_DIG_3H                    000000FD
_PWRT_OFF_2L                      000000FF
_PWRT_ON_2L                       000000FE
_STVREN_OFF_4L                    000000FE
_STVREN_ON_4L                     000000FF
_WDTPS_1024_2H                    000000F5
_WDTPS_128_2H                     000000EF
_WDTPS_16384_2H                   000000FD
_WDTPS_16_2H                      000000E9
_WDTPS_1_2H                       000000E1
_WDTPS_2048_2H                    000000F7
_WDTPS_256_2H                     000000F1
_WDTPS_2_2H                       000000E3
_WDTPS_32768_2H                   000000FF
_WDTPS_32_2H                      000000EB
_WDTPS_4096_2H                    000000F9
MPASM 5.62  /USERS/ROGER/MPLABXPROJECTS/P2F1   7-20-2015  21:04:40         PAGE 18


SYMBOL TABLE
  LABEL                             VALUE 

_WDTPS_4_2H                       000000E5
_WDTPS_512_2H                     000000F3
_WDTPS_64_2H                      000000ED
_WDTPS_8192_2H                    000000FB
_WDTPS_8_2H                       000000E7
_WDT_OFF_2H                       000000FE
_WDT_ON_2H                        000000FF
_WRT0_OFF_6L                      000000FF
_WRT0_ON_6L                       000000FE
_WRT1_OFF_6L                      000000FF
_WRT1_ON_6L                       000000FD
_WRTB_OFF_6H                      000000FF
_WRTB_ON_6H                       000000BF
_WRTC_OFF_6H                      000000FF
_WRTC_ON_6H                       000000DF
_WRTD_OFF_6H                      000000FF
_WRTD_ON_6H                       0000007F
_XINST_OFF_4L                     000000BF
_XINST_ON_4L                      000000FF
__18F4321                         00000001

Errors   :     0
Warnings :     0 reported,     0 suppressed
Messages :     0 reported,     0 suppressed

